{"/Users/muhammadsulton/Documents/test/MuhammadSulton_Apptest/src/Components/index.js": {"path":"/Users/muhammadsulton/Documents/test/MuhammadSulton_Apptest/src/Components/index.js","statementMap":{},"fnMap":{},"branchMap":{},"s":{},"f":{},"b":{},"_coverageSchema":"1a1c01bbd47fc00a2c39e90264f33305004495a9","hash":"518733c081dd6a07685fe0e400ffb150be152b79"}
,"/Users/muhammadsulton/Documents/test/MuhammadSulton_Apptest/src/Components/ActionButton/ActionButton.config.js": {"path":"/Users/muhammadsulton/Documents/test/MuhammadSulton_Apptest/src/Components/ActionButton/ActionButton.config.js","statementMap":{"0":{"start":{"line":3,"column":24},"end":{"line":19,"column":1}}},"fnMap":{},"branchMap":{},"s":{"0":1},"f":{},"b":{},"_coverageSchema":"1a1c01bbd47fc00a2c39e90264f33305004495a9","hash":"773eda4f7a7c2b3bbc09d911849c90cba3e5437b"}
,"/Users/muhammadsulton/Documents/test/MuhammadSulton_Apptest/src/Components/ActionButton/ActionButton.js": {"path":"/Users/muhammadsulton/Documents/test/MuhammadSulton_Apptest/src/Components/ActionButton/ActionButton.js","statementMap":{"0":{"start":{"line":10,"column":19},"end":{"line":18,"column":1}},"1":{"start":{"line":11,"column":2},"end":{"line":17,"column":9}},"2":{"start":{"line":20,"column":19},"end":{"line":25,"column":1}},"3":{"start":{"line":21,"column":2},"end":{"line":24,"column":9}},"4":{"start":{"line":27,"column":21},"end":{"line":32,"column":1}},"5":{"start":{"line":28,"column":2},"end":{"line":31,"column":21}}},"fnMap":{"0":{"name":"(anonymous_0)","decl":{"start":{"line":10,"column":19},"end":{"line":10,"column":20}},"loc":{"start":{"line":11,"column":2},"end":{"line":17,"column":9}},"line":11},"1":{"name":"(anonymous_1)","decl":{"start":{"line":20,"column":19},"end":{"line":20,"column":20}},"loc":{"start":{"line":21,"column":2},"end":{"line":24,"column":9}},"line":21},"2":{"name":"(anonymous_2)","decl":{"start":{"line":27,"column":21},"end":{"line":27,"column":22}},"loc":{"start":{"line":28,"column":2},"end":{"line":31,"column":21}},"line":28}},"branchMap":{},"s":{"0":1,"1":0,"2":1,"3":0,"4":1,"5":0},"f":{"0":0,"1":0,"2":0},"b":{},"_coverageSchema":"1a1c01bbd47fc00a2c39e90264f33305004495a9","hash":"10dc7494c006ac37cb152d71fda13ba1dfd693eb"}
,"/Users/muhammadsulton/Documents/test/MuhammadSulton_Apptest/src/Components/ActionButton/ActionButton.styles.js": {"path":"/Users/muhammadsulton/Documents/test/MuhammadSulton_Apptest/src/Components/ActionButton/ActionButton.styles.js","statementMap":{},"fnMap":{},"branchMap":{},"s":{},"f":{},"b":{},"_coverageSchema":"1a1c01bbd47fc00a2c39e90264f33305004495a9","hash":"0eacf39ec0a1225334f1e959ea23935d4fdbcadf"}
,"/Users/muhammadsulton/Documents/test/MuhammadSulton_Apptest/src/Components/Avatar/Avatar.js": {"path":"/Users/muhammadsulton/Documents/test/MuhammadSulton_Apptest/src/Components/Avatar/Avatar.js","statementMap":{"0":{"start":{"line":10,"column":15},"end":{"line":21,"column":1}},"1":{"start":{"line":11,"column":20},"end":{"line":11,"column":53}},"2":{"start":{"line":12,"column":2},"end":{"line":14,"column":3}},"3":{"start":{"line":13,"column":4},"end":{"line":13,"column":74}},"4":{"start":{"line":16,"column":2},"end":{"line":20,"column":4}}},"fnMap":{"0":{"name":"(anonymous_0)","decl":{"start":{"line":10,"column":15},"end":{"line":10,"column":16}},"loc":{"start":{"line":10,"column":45},"end":{"line":21,"column":1}},"line":10}},"branchMap":{"0":{"loc":{"start":{"line":11,"column":20},"end":{"line":11,"column":53}},"type":"cond-expr","locations":[{"start":{"line":11,"column":34},"end":{"line":11,"column":37}},{"start":{"line":11,"column":40},"end":{"line":11,"column":53}}],"line":11},"1":{"loc":{"start":{"line":12,"column":2},"end":{"line":14,"column":3}},"type":"if","locations":[{"start":{"line":12,"column":2},"end":{"line":14,"column":3}},{"start":{},"end":{}}],"line":12}},"s":{"0":1,"1":3,"2":3,"3":0,"4":3},"f":{"0":3},"b":{"0":[3,0],"1":[0,3]},"_coverageSchema":"1a1c01bbd47fc00a2c39e90264f33305004495a9","hash":"c2f950f5844ada47da6a2d98a4a4d514e800a253"}
,"/Users/muhammadsulton/Documents/test/MuhammadSulton_Apptest/src/Components/Avatar/Avatar.styles.js": {"path":"/Users/muhammadsulton/Documents/test/MuhammadSulton_Apptest/src/Components/Avatar/Avatar.styles.js","statementMap":{"0":{"start":{"line":6,"column":29},"end":{"line":13,"column":3}}},"fnMap":{"0":{"name":"(anonymous_0)","decl":{"start":{"line":6,"column":20},"end":{"line":6,"column":21}},"loc":{"start":{"line":6,"column":29},"end":{"line":13,"column":3}},"line":6}},"branchMap":{},"s":{"0":3},"f":{"0":3},"b":{},"_coverageSchema":"1a1c01bbd47fc00a2c39e90264f33305004495a9","hash":"b331748813ad62ce2e4f090f2f706c37083038a2"}
,"/Users/muhammadsulton/Documents/test/MuhammadSulton_Apptest/src/Components/Button/Button.js": {"path":"/Users/muhammadsulton/Documents/test/MuhammadSulton_Apptest/src/Components/Button/Button.js","statementMap":{"0":{"start":{"line":6,"column":15},"end":{"line":10,"column":1}},"1":{"start":{"line":7,"column":2},"end":{"line":9,"column":21}}},"fnMap":{"0":{"name":"(anonymous_0)","decl":{"start":{"line":6,"column":15},"end":{"line":6,"column":16}},"loc":{"start":{"line":7,"column":2},"end":{"line":9,"column":21}},"line":7}},"branchMap":{},"s":{"0":1,"1":6},"f":{"0":6},"b":{},"_coverageSchema":"1a1c01bbd47fc00a2c39e90264f33305004495a9","hash":"da20d13997cafed729288582062fbde8087005ec"}
,"/Users/muhammadsulton/Documents/test/MuhammadSulton_Apptest/src/Components/Button/Button.styles.js": {"path":"/Users/muhammadsulton/Documents/test/MuhammadSulton_Apptest/src/Components/Button/Button.styles.js","statementMap":{},"fnMap":{},"branchMap":{},"s":{},"f":{},"b":{},"_coverageSchema":"1a1c01bbd47fc00a2c39e90264f33305004495a9","hash":"a126f06b7270653095a9a43841c94129c22d6477"}
,"/Users/muhammadsulton/Documents/test/MuhammadSulton_Apptest/src/Components/Camera/Camera.config.js": {"path":"/Users/muhammadsulton/Documents/test/MuhammadSulton_Apptest/src/Components/Camera/Camera.config.js","statementMap":{"0":{"start":{"line":3,"column":16},"end":{"line":24,"column":1}}},"fnMap":{},"branchMap":{},"s":{"0":1},"f":{},"b":{},"_coverageSchema":"1a1c01bbd47fc00a2c39e90264f33305004495a9","hash":"d31e96572c719a09cc7f93ff021f8966495b6f19"}
,"/Users/muhammadsulton/Documents/test/MuhammadSulton_Apptest/src/Components/Camera/Camera.js": {"path":"/Users/muhammadsulton/Documents/test/MuhammadSulton_Apptest/src/Components/Camera/Camera.js","statementMap":{"0":{"start":{"line":11,"column":15},"end":{"line":41,"column":1}},"1":{"start":{"line":12,"column":42},"end":{"line":14,"column":4}},"2":{"start":{"line":16,"column":24},"end":{"line":22,"column":8}},"3":{"start":{"line":18,"column":6},"end":{"line":20,"column":28}},"4":{"start":{"line":21,"column":4},"end":{"line":21,"column":42}},"5":{"start":{"line":24,"column":2},"end":{"line":40,"column":4}},"6":{"start":{"line":29,"column":10},"end":{"line":36,"column":12}},"7":{"start":{"line":33,"column":29},"end":{"line":33,"column":57}}},"fnMap":{"0":{"name":"(anonymous_0)","decl":{"start":{"line":11,"column":15},"end":{"line":11,"column":16}},"loc":{"start":{"line":11,"column":21},"end":{"line":41,"column":1}},"line":11},"1":{"name":"(anonymous_1)","decl":{"start":{"line":16,"column":42},"end":{"line":16,"column":43}},"loc":{"start":{"line":16,"column":61},"end":{"line":22,"column":3}},"line":16},"2":{"name":"(anonymous_2)","decl":{"start":{"line":28,"column":28},"end":{"line":28,"column":29}},"loc":{"start":{"line":28,"column":59},"end":{"line":37,"column":9}},"line":28},"3":{"name":"(anonymous_3)","decl":{"start":{"line":33,"column":23},"end":{"line":33,"column":24}},"loc":{"start":{"line":33,"column":29},"end":{"line":33,"column":57}},"line":33}},"branchMap":{"0":{"loc":{"start":{"line":18,"column":6},"end":{"line":20,"column":28}},"type":"cond-expr","locations":[{"start":{"line":19,"column":10},"end":{"line":19,"column":22}},{"start":{"line":20,"column":10},"end":{"line":20,"column":28}}],"line":18}},"s":{"0":1,"1":3,"2":3,"3":2,"4":2,"5":3,"6":6,"7":2},"f":{"0":3,"1":2,"2":6,"3":2},"b":{"0":[1,1]},"_coverageSchema":"1a1c01bbd47fc00a2c39e90264f33305004495a9","hash":"33e822a3f85f087ed9c803977a5ed360c2e07664"}
,"/Users/muhammadsulton/Documents/test/MuhammadSulton_Apptest/src/Components/Camera/Camera.styles.js": {"path":"/Users/muhammadsulton/Documents/test/MuhammadSulton_Apptest/src/Components/Camera/Camera.styles.js","statementMap":{},"fnMap":{},"branchMap":{},"s":{},"f":{},"b":{},"_coverageSchema":"1a1c01bbd47fc00a2c39e90264f33305004495a9","hash":"7dd90f7b44ec95cbcf39e818eca0925a0b8ac883"}
,"/Users/muhammadsulton/Documents/test/MuhammadSulton_Apptest/src/Components/ContactItem/ContactItem.js": {"path":"/Users/muhammadsulton/Documents/test/MuhammadSulton_Apptest/src/Components/ContactItem/ContactItem.js","statementMap":{"0":{"start":{"line":8,"column":12},"end":{"line":14,"column":1}},"1":{"start":{"line":9,"column":2},"end":{"line":13,"column":9}},"2":{"start":{"line":16,"column":20},"end":{"line":22,"column":1}},"3":{"start":{"line":17,"column":2},"end":{"line":21,"column":21}}},"fnMap":{"0":{"name":"(anonymous_0)","decl":{"start":{"line":8,"column":12},"end":{"line":8,"column":13}},"loc":{"start":{"line":9,"column":2},"end":{"line":13,"column":9}},"line":9},"1":{"name":"(anonymous_1)","decl":{"start":{"line":16,"column":20},"end":{"line":16,"column":21}},"loc":{"start":{"line":17,"column":2},"end":{"line":21,"column":21}},"line":17}},"branchMap":{},"s":{"0":1,"1":0,"2":1,"3":0},"f":{"0":0,"1":0},"b":{},"_coverageSchema":"1a1c01bbd47fc00a2c39e90264f33305004495a9","hash":"cf59a71ebdb99e04a1675e9c1d407698dadb9e97"}
,"/Users/muhammadsulton/Documents/test/MuhammadSulton_Apptest/src/Components/ContactItem/ContactItem.styles.js": {"path":"/Users/muhammadsulton/Documents/test/MuhammadSulton_Apptest/src/Components/ContactItem/ContactItem.styles.js","statementMap":{},"fnMap":{},"branchMap":{},"s":{},"f":{},"b":{},"_coverageSchema":"1a1c01bbd47fc00a2c39e90264f33305004495a9","hash":"4520c87c416635b01ae0b5c7154a1ee26430ecdb"}
,"/Users/muhammadsulton/Documents/test/MuhammadSulton_Apptest/src/Components/Separator/Separator.js": {"path":"/Users/muhammadsulton/Documents/test/MuhammadSulton_Apptest/src/Components/Separator/Separator.js","statementMap":{"0":{"start":{"line":6,"column":18},"end":{"line":6,"column":57}},"1":{"start":{"line":6,"column":24},"end":{"line":6,"column":57}}},"fnMap":{"0":{"name":"(anonymous_0)","decl":{"start":{"line":6,"column":18},"end":{"line":6,"column":19}},"loc":{"start":{"line":6,"column":24},"end":{"line":6,"column":57}},"line":6}},"branchMap":{},"s":{"0":1,"1":0},"f":{"0":0},"b":{},"_coverageSchema":"1a1c01bbd47fc00a2c39e90264f33305004495a9","hash":"1828fa7414e76ad86f3bf3f5aad25bb72b44400b"}
,"/Users/muhammadsulton/Documents/test/MuhammadSulton_Apptest/src/Components/Separator/Separator.styles.js": {"path":"/Users/muhammadsulton/Documents/test/MuhammadSulton_Apptest/src/Components/Separator/Separator.styles.js","statementMap":{},"fnMap":{},"branchMap":{},"s":{},"f":{},"b":{},"_coverageSchema":"1a1c01bbd47fc00a2c39e90264f33305004495a9","hash":"6226bee3a59b6cce98c14c23d7b53d37260bc3e4"}
,"/Users/muhammadsulton/Documents/test/MuhammadSulton_Apptest/src/Constants/index.js": {"path":"/Users/muhammadsulton/Documents/test/MuhammadSulton_Apptest/src/Constants/index.js","statementMap":{},"fnMap":{},"branchMap":{},"s":{},"f":{},"b":{},"_coverageSchema":"1a1c01bbd47fc00a2c39e90264f33305004495a9","hash":"e49a4fc32ddca174a469387c5a5cc082811d964a"}
,"/Users/muhammadsulton/Documents/test/MuhammadSulton_Apptest/src/Themes/Colors.js": {"path":"/Users/muhammadsulton/Documents/test/MuhammadSulton_Apptest/src/Themes/Colors.js","statementMap":{},"fnMap":{},"branchMap":{},"s":{},"f":{},"b":{},"_coverageSchema":"1a1c01bbd47fc00a2c39e90264f33305004495a9","hash":"363b30764b4fec1ec237008aa03ef43bd16f395e"}
,"/Users/muhammadsulton/Documents/test/MuhammadSulton_Apptest/src/Utils/Url.js": {"path":"/Users/muhammadsulton/Documents/test/MuhammadSulton_Apptest/src/Utils/Url.js","statementMap":{"0":{"start":{"line":1,"column":24},"end":{"line":12,"column":1}},"1":{"start":{"line":2,"column":18},"end":{"line":10,"column":3}},"2":{"start":{"line":11,"column":2},"end":{"line":11,"column":29}}},"fnMap":{"0":{"name":"(anonymous_0)","decl":{"start":{"line":1,"column":24},"end":{"line":1,"column":25}},"loc":{"start":{"line":1,"column":31},"end":{"line":12,"column":1}},"line":1}},"branchMap":{},"s":{"0":1,"1":0,"2":0},"f":{"0":0},"b":{},"_coverageSchema":"1a1c01bbd47fc00a2c39e90264f33305004495a9","hash":"f82eb59ad1600bc1bd6895bb2d12e5254072f091"}
}
